<?xml version="1.0" encoding="UTF-8"?>
<!-- Generated by org.testng.reporters.JUnitXMLReporter -->
<testsuite hostname="prabha" ignored="10" name="Test" tests="2" failures="0" timestamp="04 Jul 2023 09:54:11 GMT" time="0.031" errors="0">
  <testcase name="tc1" time="0.016" classname="org.testng.Testtt"/>
  <testcase name="tc5" time="0.0" classname="org.testng.Testtt"/>
  <testcase name="tc3" time="0.0" classname="org.testng.Testtt">
    <ignored/>
  </testcase> <!-- tc3 -->
  <testcase name="tc21" time="0.0" classname="org.testng.C">
    <ignored/>
  </testcase> <!-- tc21 -->
  <testcase name="tc11" time="0.0" classname="org.testng.B">
    <ignored/>
  </testcase> <!-- tc11 -->
  <testcase name="tc7" time="0.0" classname="org.testng.Testtt">
    <ignored/>
  </testcase> <!-- tc7 -->
  <testcase name="tc25" time="0.0" classname="org.testng.C">
    <ignored/>
  </testcase> <!-- tc25 -->
  <testcase name="tc13" time="0.0" classname="org.testng.B">
    <ignored/>
  </testcase> <!-- tc13 -->
  <testcase name="tc23" time="0.0" classname="org.testng.C">
    <ignored/>
  </testcase> <!-- tc23 -->
  <testcase name="tc15" time="0.0" classname="org.testng.B">
    <ignored/>
  </testcase> <!-- tc15 -->
  <testcase name="tc17" time="0.0" classname="org.testng.B">
    <ignored/>
  </testcase> <!-- tc17 -->
  <testcase name="tc27" time="0.0" classname="org.testng.C">
    <ignored/>
  </testcase> <!-- tc27 -->
</testsuite> <!-- Test -->
